[    0.000000] Initializing cgroup subsys cpuset
[    0.000000] Initializing cgroup subsys cpu
[    0.000000] Initializing cgroup subsys cpuacct
[    0.000000] Linux version 4.4.0-137-generic (buildd@lgw01-amd64-012) (gcc version 5.4.0 20160609 (Ubuntu 5.4.0-6ubuntu1~16.04.10) ) #163-Ubuntu SMP Mon Sep 24 13:23:40 UTC 2018 (Ubuntu 4.4.0-137.163-generic 4.4.144)
[    0.000000] KERNEL supported cpus:
[    0.000000]   Intel GenuineIntel
[    0.000000]   AMD AuthenticAMD
[    0.000000]   NSC Geode by NSC
[    0.000000]   Cyrix CyrixInstead
[    0.000000]   Centaur CentaurHauls
[    0.000000]   Transmeta GenuineTMx86
[    0.000000]   Transmeta TransmetaCPU
[    0.000000]   UMC UMC UMC UMC
[    0.000000] x86/fpu: xstate_offset[2]:  576, xstate_sizes[2]:  256
[    0.000000] x86/fpu: Supporting XSAVE feature 0x01: 'x87 floating point registers'
[    0.000000] x86/fpu: Supporting XSAVE feature 0x02: 'SSE registers'
[    0.000000] x86/fpu: Supporting XSAVE feature 0x04: 'AVX registers'
[    0.000000] x86/fpu: Enabled xstate features 0x7, context size is 832 bytes, using 'standard' format.
[    0.000000] e820: BIOS-provided physical RAM map:
[    0.000000] BIOS-e820: [mem 0x0000000000000000-0x000000000009fbff] usable
[    0.000000] BIOS-e820: [mem 0x000000000009fc00-0x000000000009ffff] reserved
[    0.000000] BIOS-e820: [mem 0x00000000000f0000-0x00000000000fffff] reserved
[    0.000000] BIOS-e820: [mem 0x0000000000100000-0x000000001ffeffff] usable
[    0.000000] BIOS-e820: [mem 0x000000001fff0000-0x000000001fffffff] ACPI data
[    0.000000] BIOS-e820: [mem 0x00000000fec00000-0x00000000fec00fff] reserved
[    0.000000] BIOS-e820: [mem 0x00000000fee00000-0x00000000fee00fff] reserved
[    0.000000] BIOS-e820: [mem 0x00000000fffc0000-0x00000000ffffffff] reserved
[    0.000000] NX (Execute Disable) protection: active
[    0.000000] SMBIOS 2.5 present.
[    0.000000] Hypervisor detected: KVM
[    0.000000] e820: last_pfn = 0x1fff0 max_arch_pfn = 0x1000000
[    0.000000] MTRR: Disabled
[    0.000000] x86/PAT: MTRRs disabled, skipping PAT initialization too.
[    0.000000] CPU MTRRs all blank - virtualized system.
[    0.000000] x86/PAT: Configuration [0-7]: WB  WT  UC- UC  WB  WT  UC- UC  
[    0.000000] found SMP MP-table at [mem 0x0009fff0-0x0009ffff] mapped at [c009fff0]
[    0.000000] Scanning 1 areas for low memory corruption
[    0.000000] RAMDISK: [mem 0x1e933000-0x1f79dfff]
[    0.000000] ACPI: Early table checksum verification disabled
[    0.000000] ACPI: RSDP 0x00000000000E0000 000024 (v02 VBOX  )
[    0.000000] ACPI: XSDT 0x000000001FFF0030 00003C (v01 VBOX   VBOXXSDT 00000001 ASL  00000061)
[    0.000000] ACPI: FACP 0x000000001FFF00F0 0000F4 (v04 VBOX   VBOXFACP 00000001 ASL  00000061)
[    0.000000] ACPI: DSDT 0x000000001FFF0470 0021FF (v02 VBOX   VBOXBIOS 00000002 INTL 20100528)
[    0.000000] ACPI: FACS 0x000000001FFF0200 000040
[    0.000000] ACPI: FACS 0x000000001FFF0200 000040
[    0.000000] ACPI: APIC 0x000000001FFF0240 000054 (v02 VBOX   VBOXAPIC 00000001 ASL  00000061)
[    0.000000] ACPI: SSDT 0x000000001FFF02A0 0001CC (v01 VBOX   VBOXCPUT 00000002 INTL 20100528)
[    0.000000] 0MB HIGHMEM available.
[    0.000000] 511MB LOWMEM available.
[    0.000000]   mapped low ram: 0 - 1fff0000
[    0.000000]   low ram: 0 - 1fff0000
[    0.000000] kvm-clock: Using msrs 4b564d01 and 4b564d00
[    0.000000] kvm-clock: cpu 0, msr 0:1ffef001, primary cpu clock
[    0.000000] kvm-clock: using sched offset of 3509301352 cycles
[    0.000000] clocksource: kvm-clock: mask: 0xffffffffffffffff max_cycles: 0x1cd42e4dffb, max_idle_ns: 881590591483 ns
[    0.000000] Zone ranges:
[    0.000000]   DMA      [mem 0x0000000000001000-0x0000000000ffffff]
[    0.000000]   Normal   [mem 0x0000000001000000-0x000000001ffeffff]
[    0.000000]   HighMem  empty
[    0.000000] Movable zone start for each node
[    0.000000] Early memory node ranges
[    0.000000]   node   0: [mem 0x0000000000001000-0x000000000009efff]
[    0.000000]   node   0: [mem 0x0000000000100000-0x000000001ffeffff]
[    0.000000] Initmem setup node 0 [mem 0x0000000000001000-0x000000001ffeffff]
[    0.000000] Using APIC driver default
[    0.000000] ACPI: PM-Timer IO Port: 0x4008
[    0.000000] IOAPIC[0]: apic_id 1, version 32, address 0xfec00000, GSI 0-23
[    0.000000] ACPI: INT_SRC_OVR (bus 0 bus_irq 0 global_irq 2 dfl dfl)
[    0.000000] ACPI: INT_SRC_OVR (bus 0 bus_irq 9 global_irq 9 low level)
[    0.000000] Using ACPI (MADT) for SMP configuration information
[    0.000000] smpboot: Allowing 1 CPUs, 0 hotplug CPUs
[    0.000000] PM: Registered nosave memory: [mem 0x00000000-0x00000fff]
[    0.000000] PM: Registered nosave memory: [mem 0x0009f000-0x0009ffff]
[    0.000000] PM: Registered nosave memory: [mem 0x000a0000-0x000effff]
[    0.000000] PM: Registered nosave memory: [mem 0x000f0000-0x000fffff]
[    0.000000] e820: [mem 0x20000000-0xfebfffff] available for PCI devices
[    0.000000] Booting paravirtualized kernel on KVM
[    0.000000] clocksource: refined-jiffies: mask: 0xffffffff max_cycles: 0xffffffff, max_idle_ns: 7645519600211568 ns
[    0.000000] setup_percpu: NR_CPUS:8 nr_cpumask_bits:8 nr_cpu_ids:1 nr_node_ids:1
[    0.000000] PERCPU: Embedded 19 pages/cpu @dfac1000 s47436 r0 d30388 u77824
[    0.000000] PV qspinlock hash table entries: 512 (order: 0, 4096 bytes)
[    0.000000] Built 1 zonelists in Zone order, mobility grouping on.  Total pages: 129678
[    0.000000] Kernel command line: BOOT_IMAGE=/boot/vmlinuz-4.4.0-137-generic root=LABEL=cloudimg-rootfs ro console=tty1 console=ttyS0
[    0.000000] PID hash table entries: 2048 (order: 1, 8192 bytes)
[    0.000000] Dentry cache hash table entries: 65536 (order: 6, 262144 bytes)
[    0.000000] Inode-cache hash table entries: 32768 (order: 5, 131072 bytes)
[    0.000000] Initializing CPU#0
[    0.000000] Initializing HighMem for node 0 (00000000:00000000)
[    0.000000] Memory: 489400K/523832K available (8041K kernel code, 782K rwdata, 3180K rodata, 952K init, 800K bss, 34432K reserved, 0K cma-reserved, 0K highmem)
[    0.000000] virtual kernel memory layout:
[    0.000000]     fixmap  : 0xfff15000 - 0xfffff000   ( 936 kB)
[    0.000000]     pkmap   : 0xffc00000 - 0xffe00000   (2048 kB)
[    0.000000]     vmalloc : 0xe07f0000 - 0xffbfe000   ( 500 MB)
[    0.000000]     lowmem  : 0xc0000000 - 0xdfff0000   ( 511 MB)
[    0.000000]       .init : 0xc1bbc000 - 0xc1caa000   ( 952 kB)
[    0.000000]       .data : 0xc17da7a8 - 0xc1bbaa00   (3968 kB)
[    0.000000]       .text : 0xc1000000 - 0xc17da7a8   (8041 kB)
[    0.000000] Checking if this processor honours the WP bit even in supervisor mode...Ok.
[    0.000000] SLUB: HWalign=64, Order=0-3, MinObjects=0, CPUs=1, Nodes=1
[    0.000000] Hierarchical RCU implementation.
[    0.000000] 	Build-time adjustment of leaf fanout to 32.
[    0.000000] 	RCU restricting CPUs from NR_CPUS=8 to nr_cpu_ids=1.
[    0.000000] RCU: Adjusting geometry for rcu_fanout_leaf=32, nr_cpu_ids=1
[    0.000000] NR_IRQS:2304 nr_irqs:256 16
[    0.000000] Console: colour VGA+ 80x25
[    0.000000] console [tty1] enabled
[    0.000000] console [ttyS0] enabled
[    0.000000] allocated 524288 bytes of page_ext
[    0.000000] tsc: Detected 1991.997 MHz processor
[    1.951544] Calibrating delay loop (skipped) preset value.. 3983.99 BogoMIPS (lpj=7967988)
[    1.952683] pid_max: default: 32768 minimum: 301
[    1.953278] ACPI: Core revision 20150930
[    1.954606] ACPI: 2 ACPI AML tables successfully acquired and loaded
[    1.955547] Security Framework initialized
[    1.956135] Yama: becoming mindful.
[    1.956676] AppArmor: AppArmor initialized
[    1.957283] Mount-cache hash table entries: 1024 (order: 0, 4096 bytes)
[    1.958117] Mountpoint-cache hash table entries: 1024 (order: 0, 4096 bytes)
[    1.959101] Initializing cgroup subsys io
[    2.033757] Initializing cgroup subsys memory
[    2.197737] Initializing cgroup subsys devices
[    2.334433] Initializing cgroup subsys freezer
[    2.456538] Initializing cgroup subsys net_cls
[    2.537564] Initializing cgroup subsys perf_event
[    2.671167] Initializing cgroup subsys net_prio
[    2.821409] Initializing cgroup subsys hugetlb
[    2.961005] Initializing cgroup subsys pids
[    2.965162] mce: CPU supports 0 MCE banks
[    2.965759] process: using mwait in idle threads
[    2.966355] Last level iTLB entries: 4KB 64, 2MB 8, 4MB 8
[    2.967056] Last level dTLB entries: 4KB 64, 2MB 0, 4MB 0, 1GB 4
[    2.967851] Spectre V2 : Mitigation: Full generic retpoline
[    2.968565] Spectre V2 : Spectre v2 mitigation: Speculation control IBPB not-supported IBRS not-supported
[    2.969624] Spectre V2 : Spectre v2 / SpectreRSB mitigation: Filling RSB on context switch
[    2.970962] Speculative Store Bypass: Vulnerable
[    2.986345] Freeing SMP alternatives memory: 32K
[    2.999974] ftrace: allocating 31539 entries in 62 pages
[    3.043361] smpboot: APIC(0) Converting physical 0 to logical package 0
[    3.239231] smpboot: Max logical packages: 1
[    3.396277] Enabling APIC mode:  Flat.  Using 1 I/O APICs
[    3.557247] ..TIMER: vector=0x30 apic1=0 pin1=2 apic2=-1 pin2=-1
[    3.891407] smpboot: CPU0: Intel(R) Core(TM) i7-8550U CPU @ 1.80GHz (family: 0x6, model: 0x8e, stepping: 0xa)
[    4.020281] Performance Events: unsupported p6 CPU model 142 no PMU driver, software events only.
[    4.021923] KVM setup paravirtual spinlock
[    4.023058] x86: Booted up 1 node, 1 CPUs
[    4.023646] smpboot: Total of 1 processors activated (3983.99 BogoMIPS)
[    4.024729] devtmpfs: initialized
[    4.025367] evm: security.selinux
[    4.025883] evm: security.SMACK64
[    4.026358] evm: security.SMACK64EXEC
[    4.026924] evm: security.SMACK64TRANSMUTE
[    4.048251] evm: security.SMACK64MMAP
[    4.051240] evm: security.ima
[    4.051907] evm: security.capability
[    4.052836] clocksource: jiffies: mask: 0xffffffff max_cycles: 0xffffffff, max_idle_ns: 7645041785100000 ns
[    4.054302] futex hash table entries: 256 (order: 2, 16384 bytes)
[    4.055177] pinctrl core: initialized pinctrl subsystem
[    4.056106] RTC time: 20:33:53, date: 12/30/18
[    4.056993] NET: Registered protocol family 16
[    4.057815] EISA bus registered
[    4.058342] cpuidle: using governor ladder
[    4.058987] cpuidle: using governor menu
[    4.059617] PCCT header not found.
[    4.060219] ACPI: bus type PCI registered
[    4.060814] acpiphp: ACPI Hot Plug PCI Controller Driver version: 0.5
[    4.061822] PCI : PCI BIOS area is rw and x. Use pci=nobios if you want it NX.
[    4.087462] PCI: PCI BIOS revision 2.10 entry at 0xfda26, last bus=0
[    4.274840] PCI: Using configuration type 1 for base access
[    4.443385] ACPI: Added _OSI(Module Device)
[    4.578191] ACPI: Added _OSI(Processor Device)
[    4.657933] ACPI: Added _OSI(3.0 _SCP Extensions)
[    4.762197] ACPI: Added _OSI(Processor Aggregator Device)
[    4.905067] ACPI: Executed 1 blocks of module-level executable AML code
[    5.073919] ACPI: Interpreter enabled
[    5.081523] ACPI: (supports S0 S5)
[    5.082091] ACPI: Using IOAPIC for interrupt routing
[    5.082821] PCI: Using host bridge windows from ACPI; if necessary, use "pci=nocrs" and report a bug
[    5.086267] ACPI: PCI Root Bridge [PCI0] (domain 0000 [bus 00-ff])
[    5.094770] acpi PNP0A03:00: _OSC: OS supports [ASPM ClockPM Segments MSI]
[    5.102406] acpi PNP0A03:00: _OSC: not requesting OS control; OS requires [ExtendedConfig ASPM ClockPM MSI]
[    5.110557] acpi PNP0A03:00: fail to add MMCONFIG information, can't access extended PCI configuration space under this bridge.
[    5.113958] PCI host bridge to bus 0000:00
[    5.114630] pci_bus 0000:00: root bus resource [io  0x0000-0x0cf7 window]
[    5.115559] pci_bus 0000:00: root bus resource [io  0x0d00-0xffff window]
[    5.116480] pci_bus 0000:00: root bus resource [mem 0x000a0000-0x000bffff window]
[    5.117606] pci_bus 0000:00: root bus resource [mem 0x20000000-0xfdffffff window]
[    5.118677] pci_bus 0000:00: root bus resource [bus 00-ff]
[    5.120636] pci 0000:00:01.1: legacy IDE quirk: reg 0x10: [io  0x01f0-0x01f7]
[    5.121523] pci 0000:00:01.1: legacy IDE quirk: reg 0x14: [io  0x03f6]
[    5.122355] pci 0000:00:01.1: legacy IDE quirk: reg 0x18: [io  0x0170-0x0177]
[    5.123242] pci 0000:00:01.1: legacy IDE quirk: reg 0x1c: [io  0x0376]
[    5.130378] pci 0000:00:07.0: quirk: [io  0x4000-0x403f] claimed by PIIX4 ACPI
[    5.214305] pci 0000:00:07.0: quirk: [io  0x4100-0x410f] claimed by PIIX4 SMB
[    5.396212] ACPI: PCI Interrupt Link [LNKA] (IRQs 5 9 10 *11)
[    5.480370] ACPI: PCI Interrupt Link [LNKB] (IRQs 5 9 *10 11)
[    5.620129] ACPI: PCI Interrupt Link [LNKC] (IRQs 5 *9 10 11)
[    5.812440] ACPI: PCI Interrupt Link [LNKD] (IRQs 5 9 10 *11)
[    5.902261] ACPI: Enabled 2 GPEs in block 00 to 07
[    6.022620] vgaarb: setting as boot device: PCI:0000:00:02.0
[    6.076733] vgaarb: device added: PCI:0000:00:02.0,decodes=io+mem,owns=io+mem,locks=none
[    6.134888] vgaarb: loaded
[    6.135370] vgaarb: bridge control possible 0000:00:02.0
[    6.144570] SCSI subsystem initialized
[    6.160039] ACPI: bus type USB registered
[    6.167129] usbcore: registered new interface driver usbfs
[    6.167893] usbcore: registered new interface driver hub
[    6.168668] usbcore: registered new device driver usb
[    6.169499] PCI: Using ACPI for IRQ routing
[    6.170335] NetLabel: Initializing
[    6.170909] NetLabel:  domain hash size = 128
[    6.171596] NetLabel:  protocols = UNLABELED CIPSOv4
[    6.172346] NetLabel:  unlabeled traffic allowed by default
[    6.173181] amd_nb: Cannot enumerate AMD northbridges
[    6.173911] clocksource: Switched to clocksource kvm-clock
[    6.179127] AppArmor: AppArmor Filesystem Enabled
[    6.291931] pnp: PnP ACPI init
[    6.416279] pnp: PnP ACPI: found 3 devices
[    6.582724] PnPBIOS: Disabled by ACPI PNP
[    6.756604] clocksource: acpi_pm: mask: 0xffffff max_cycles: 0xffffff, max_idle_ns: 2085701024 ns
[    7.063180] NET: Registered protocol family 2
[    7.188054] TCP established hash table entries: 4096 (order: 2, 16384 bytes)
[    7.191171] TCP bind hash table entries: 4096 (order: 3, 32768 bytes)
[    7.192018] TCP: Hash tables configured (established 4096 bind 4096)
[    7.193087] UDP hash table entries: 256 (order: 1, 8192 bytes)
[    7.193963] UDP-Lite hash table entries: 256 (order: 1, 8192 bytes)
[    7.194803] NET: Registered protocol family 1
[    7.195432] pci 0000:00:00.0: Limiting direct PCI/PCI transfers
[    7.196217] pci 0000:00:01.0: Activating ISA DMA hang workarounds
[    7.197063] Unpacking initramfs...
[    7.384580] Freeing initrd memory: 14764K
[    7.473982] platform rtc_cmos: registered platform RTC device (no PNP device found)
[    7.621448] Scanning for low memory corruption every 60 seconds
[    7.859578] audit: initializing netlink subsys (disabled)
[    8.062485] audit: type=2000 audit(1546202036.398:1): initialized
[    8.246217] Initialise system trusted keyring
[    8.246920] HugeTLB registered 2 MB page size, pre-allocated 0 pages
[    8.248536] zbud: loaded
[    8.249062] VFS: Disk quotas dquot_6.6.0
[    8.249788] VFS: Dquot-cache hash table entries: 1024 (order 0, 4096 bytes)
[    8.251095] squashfs: version 4.0 (2009/01/31) Phillip Lougher
[    8.252005] fuse init (API version 7.23)
[    8.252722] Key type big_key registered
[    8.253267] Allocating IMA MOK and blacklist keyrings.
[    8.290192] Key type asymmetric registered
[    8.290821] Asymmetric key parser 'x509' registered
[    8.291502] bounce: pool size: 64 pages
[    8.292115] Block layer SCSI generic (bsg) driver version 0.4 loaded (major 249)
[    8.583759] tsc: Refined TSC clocksource calibration: 1993.085 MHz
[    8.833419] clocksource: tsc: mask: 0xffffffffffffffff max_cycles: 0x397553cc66f, max_idle_ns: 881590472101 ns
[    9.164540] io scheduler noop registered
[    9.302835] io scheduler deadline registered (default)
[    9.303567] io scheduler cfq registered
[    9.304220] pci_hotplug: PCI Hot Plug PCI Core version: 0.5
[    9.334713] pciehp: PCI Express Hot Plug Controller Driver version: 0.4
[    9.335942] ACPI: AC Adapter [AC] (on-line)
[    9.336851] input: Power Button as /devices/LNXSYSTM:00/LNXPWRBN:00/input/input0
[    9.338240] ACPI: Power Button [PWRF]
[    9.339048] input: Sleep Button as /devices/LNXSYSTM:00/LNXSLPBN:00/input/input1
[    9.351084] ACPI: Sleep Button [SLPF]
[    9.374762] ACPI: Battery Slot [BAT0] (battery present)
[    9.389900] GHES: HEST is not enabled!
[    9.390617] Serial: 8250/16550 driver, 32 ports, IRQ sharing enabled
[    9.412934] 00:02: ttyS0 at I/O 0x3f8 (irq = 4, base_baud = 115200) is a 16550A
[    9.425755] isapnp: Scanning for PnP cards...
[    9.491124] Linux agpgart interface v0.103
[    9.562256] loop: module loaded
[    9.574463] scsi host0: ata_piix
[    9.575037] scsi host1: ata_piix
[    9.595710] ata1: PATA max UDMA/33 cmd 0x1f0 ctl 0x3f6 bmdma 0xd000 irq 14
[    9.619914] ata2: PATA max UDMA/33 cmd 0x170 ctl 0x376 bmdma 0xd008 irq 15
[    9.664887] libphy: Fixed MDIO Bus: probed
[    9.936871] tun: Universal TUN/TAP device driver, 1.6
[   10.112068] tun: (C) 1999-2004 Max Krasnyansky <maxk@qualcomm.com>
[   10.363164] isapnp: No Plug & Play device found
[   10.371016] PPP generic driver version 2.4.2
[   10.371676] ehci_hcd: USB 2.0 'Enhanced' Host Controller (EHCI) Driver
[   10.372527] ehci-pci: EHCI PCI platform driver
[   10.486851] ehci-platform: EHCI generic platform driver
[   10.519205] ohci_hcd: USB 1.1 'Open' Host Controller (OHCI) Driver
[   10.717127] ohci-pci: OHCI PCI platform driver
[   10.717781] ohci-platform: OHCI generic platform driver
[   10.720125] uhci_hcd: USB Universal Host Controller Interface driver
[   10.721032] i8042: PNP: PS/2 Controller [PNP0303:PS2K,PNP0f03:PS2M] at 0x60,0x64 irq 1,12
[   10.722673] serio: i8042 KBD port at 0x60,0x64 irq 1
[   10.723367] serio: i8042 AUX port at 0x60,0x64 irq 12
[   10.724176] mousedev: PS/2 mouse device common for all mice
[   10.725172] input: AT Translated Set 2 keyboard as /devices/platform/i8042/serio0/input/input2
[   11.073732] rtc_cmos rtc_cmos: rtc core: registered rtc_cmos as rtc0
[   11.336335] rtc_cmos rtc_cmos: alarms up to one day, 114 bytes nvram
[   11.545043] i2c /dev entries driver
[   11.641374] device-mapper: uevent: version 1.0.3
[   11.738451] device-mapper: ioctl: 4.34.0-ioctl (2015-10-28) initialised: dm-devel@redhat.com
[   11.745665] platform eisa.0: Probing EISA bus 0
[   11.761378] platform eisa.0: EISA: Cannot allocate resource for mainboard
[   11.767768] platform eisa.0: Cannot allocate resource for EISA slot 1
[   11.768600] platform eisa.0: Cannot allocate resource for EISA slot 2
[   11.769427] platform eisa.0: Cannot allocate resource for EISA slot 3
[   11.770278] platform eisa.0: Cannot allocate resource for EISA slot 4
[   11.771114] platform eisa.0: Cannot allocate resource for EISA slot 5
[   11.771939] platform eisa.0: Cannot allocate resource for EISA slot 6
[   11.772764] platform eisa.0: Cannot allocate resource for EISA slot 7
[   11.773586] platform eisa.0: Cannot allocate resource for EISA slot 8
[   11.774430] platform eisa.0: EISA: Detected 0 cards
[   11.775116] cpufreq-nforce2: No nForce2 chipset.
[   11.775770] ledtrig-cpu: registered to indicate activity on CPUs
[   11.778545] NET: Registered protocol family 10
[   11.779347] NET: Registered protocol family 17
[   11.780092] Key type dns_resolver registered
[   11.822017] Using IPI No-Shortcut mode
[   11.957630] registered taskstats version 1
[   12.121564] Loading compiled-in X.509 certificates
[   12.291786] Loaded X.509 cert 'Build time autogenerated kernel key: 876c4c9a03a76d06edb67cce6a764c2371c2bba3'
[   12.343931] zswap: loaded using pool lzo/zbud
[   12.353138] Key type trusted registered
[   12.355124] Key type encrypted registered
[   12.377420] AppArmor: AppArmor sha1 policy hashing enabled
[   12.378203] ima: No TPM chip found, activating TPM-bypass!
[   12.379036] ima: Allocated hash algorithm: sha1
[   12.379711] evm: HMAC attrs: 0x1
[   12.380416]   Magic number: 14:444:600
[   12.381027] rtc_cmos rtc_cmos: setting system clock to 2018-12-30 20:34:01 UTC (1546202041)
[   12.382331] BIOS EDD facility v0.16 2004-Jun-25, 0 devices found
[   12.383197] EDD information not available.
[   12.385240] Freeing unused kernel memory: 952K
[   12.394500] Write protecting the kernel text: 8044k
[   12.422362] Write protecting the kernel read-only data: 3184k
[   12.423152] NX-protecting the kernel data: 6292k
Loading, please wait...
starting version 229
[   12.437551] random: udevadm: uninitialized urandom read (16 bytes read, 4 bits of entropy available)
[   12.439138] random: systemd-udevd: uninitialized urandom read (16 bytes read, 4 bits of entropy available)
[   12.440510] random: systemd-udevd: uninitialized urandom read (16 bytes read, 4 bits of entropy available)
[   12.745876] random: udevadm: uninitialized urandom read (16 bytes read, 4 bits of entropy available)
[   12.822753] random: udevadm: uninitialized urandom read (16 bytes read, 4 bits of entropy available)
[   12.824181] random: udevadm: uninitialized urandom read (16 bytes read, 4 bits of entropy available)
[   12.825546] random: udevadm: uninitialized urandom read (16 bytes read, 4 bits of entropy available)
[   12.835624] random: udevadm: uninitialized urandom read (16 bytes read, 4 bits of entropy available)
[   13.142782] random: systemd-udevd: uninitialized urandom read (16 bytes read, 4 bits of entropy available)
[   13.530238] random: udevadm: uninitialized urandom read (16 bytes read, 4 bits of entropy available)
[   13.896721] e1000: Intel(R) PRO/1000 Network Driver - version 7.3.21-k8-NAPI
[   13.897688] e1000: Copyright (c) 1999-2006 Intel Corporation.
[   13.908083] Fusion MPT base driver 3.04.20
[   14.035453] Copyright (c) 1999-2008 LSI Corporation
[   14.290865] Fusion MPT SPI Host driver 3.04.20
[   14.461011] input: ImExPS/2 Generic Explorer Mouse as /devices/platform/i8042/serio1/input/input4
[   15.113870] e1000 0000:00:03.0 eth0: (PCI:33MHz:32-bit) 02:d4:45:2a:49:3f
[   15.154600] e1000 0000:00:03.0 eth0: Intel(R) PRO/1000 Network Connection
[   15.231853] mptbase: ioc0: Initiating bringup
[   15.322337] ioc0: LSI53C1030 A0: Capabilities={Initiator}
[   15.559653] scsi host2: ioc0: LSI53C1030 A0, FwRev=00000000h, Ports=1, MaxQ=256, IRQ=20
[   15.942869] scsi 2:0:0:0: Direct-Access     VBOX     HARDDISK         1.0  PQ: 0 ANSI: 5
[   15.957600] scsi target2:0:0: Beginning Domain Validation
[   15.994730] scsi target2:0:0: Domain Validation skipping write tests
[   15.995614] scsi target2:0:0: Ending Domain Validation
[   15.996370] scsi target2:0:0: asynchronous
[   15.997237] scsi 2:0:1:0: Direct-Access     VBOX     HARDDISK         1.0  PQ: 0 ANSI: 5
[   16.040924] scsi target2:0:1: Beginning Domain Validation
[   16.494686] scsi target2:0:1: Domain Validation skipping write tests
[   16.711323] scsi target2:0:1: Ending Domain Validation
[   16.902754] scsi target2:0:1: asynchronous
[   16.971649] sd 2:0:0:0: Attached scsi generic sg0 type 0
[   17.016026] sd 2:0:0:0: [sda] 20971520 512-byte logical blocks: (10.7 GB/10.0 GiB)
[   17.036187] e1000 0000:00:08.0 eth1: (PCI:33MHz:32-bit) 08:00:27:e8:53:7b
[   17.051316] e1000 0000:00:08.0 eth1: Intel(R) PRO/1000 Network Connection
[   17.052398] sd 2:0:0:0: [sda] Write Protect is off
[   17.066476] e1000 0000:00:08.0 enp0s8: renamed from eth1
[   17.208301] sd 2:0:0:0: [sda] Incomplete mode parameter data
[   17.336070] sd 2:0:0:0: [sda] Assuming drive cache: write through
[   17.508849] sd 2:0:1:0: Attached scsi generic sg1 type 0
[   17.685399] sd 2:0:1:0: [sdb] 20480 512-byte logical blocks: (10.5 MB/10.0 MiB)
[   17.945872] e1000 0000:00:03.0 enp0s3: renamed from eth0
[   18.075865] sd 2:0:1:0: [sdb] Write Protect is off
[   18.076710] sd 2:0:1:0: [sdb] Incomplete mode parameter data
[   18.109282] sd 2:0:1:0: [sdb] Assuming drive cache: write through
[   18.111034]  sda: sda1
[   18.111883] sd 2:0:0:0: [sda] Attached SCSI disk
[   18.113202] sd 2:0:1:0: [sdb] Attached SCSI disk
Begin: Loading e[   19.347701] md: linear personality registered for level -1
ssential drivers ... [   19.433426] md: multipath personality registered for level -4
[   19.452346] md: raid0 personality registered for level 0
[   19.668918] md: raid1 personality registered for level 1
[   19.953962] raid6: mmxx1    gen()  7855 MB/s
[   20.198080] raid6: mmxx2    gen()  8010 MB/s
[   20.274166] raid6: sse1x1   gen()  6527 MB/s
[   20.482561] raid6: sse1x2   gen()  7998 MB/s
[   20.718246] raid6: sse2x1   gen() 13984 MB/s
[   20.961961] raid6: sse2x1   xor()  9971 MB/s
[   21.174172] raid6: sse2x2   gen() 16778 MB/s
[   21.325958] raid6: sse2x2   xor() 10512 MB/s
[   21.526039] raid6: avx2x1   gen() 27763 MB/s
[   21.734433] raid6: avx2x2   gen() 30567 MB/s
[   21.888416] raid6: using algorithm avx2x2 gen() 30567 MB/s
[   22.100241] raid6: using avx2x1 recovery algorithm
[   22.289946] xor: automatically using best checksumming function:
[   22.350214]    avx       : 28254.000 MB/sec
[   22.359418] async_tx: api initialized (async)
[   22.523405] md: raid6 personality registered for level 6
[   22.583470] md: raid5 personality registered for level 5
[   22.636076] md: raid4 personality registered for level 4
[   22.846654] md: raid10 personality registered for level 10
done.
Begin: Running /scripts/init-p[   23.097951] Btrfs loaded
remount ... done.
Begin: Mounting root file sys[   23.257754] EXT4-fs (sda1): INFO: recovery required on readonly filesystem
tem ... Begin: Running /scripts/local-top ... done.
Begin: Running /scripts/local-premount ... Scanning for Btrfs filesystems
done.
Warning: fsck not present, so skipping root file system
[   23.374303] EXT4-fs (sda1): write access will be enabled during recovery
[   23.422135] EXT4-fs (sda1): orphan cleanup on readonly fs
[   23.506071] EXT4-fs (sda1): 6 orphan inodes deleted
[   23.571355] EXT4-fs (sda1): recovery complete
[   23.624021] EXT4-fs (sda1): mounted filesystem with ordered data mode. Opts: (null)
done.
Begin: Running /scripts/local-bottom ... done.
Begin: Running /scripts/init-bottom ... done.
[   23.865157] systemd[1]: systemd 229 running in system mode. (+PAM +AUDIT +SELINUX +IMA +APPARMOR +SMACK +SYSVINIT +UTMP +LIBCRYPTSETUP +GCRYPT +GNUTLS +ACL +XZ -LZ4 +SECCOMP +BLKID +ELFUTILS +KMOD -IDN)
[   24.430868] systemd[1]: Detected virtualization oracle.
[   24.439608] systemd[1]: Detected architecture x86.

Welcome to [1mUbuntu 16.04.5 LTS[0m!

[   24.460217] systemd[1]: Set hostname to <kouosl>.
[   24.504023] random: nonblocking pool is initialized
[   24.705833] systemd[1]: Listening on Device-mapper event daemon FIFOs.
[[0;32m  OK  [0m] Listening on Device-mapper event daemon FIFOs.
[   24.938905] systemd[1]: Reached target Encrypted Volumes.
[[0;32m  OK  [0m] Reached target Encrypted Volumes.
[   25.207150] systemd[1]: Started Trigger resolvconf update for networkd DNS.
[[0;32m  OK  [0m] Started Trigger resolvconf update for networkd DNS.
[   25.346445] systemd[1]: Listening on LVM2 metadata daemon socket.
[[0;32m  OK  [0m] Listening on LVM2 metadata daemon socket.
[   25.496086] systemd[1]: Listening on LVM2 poll daemon socket.
[[0;32m  OK  [0m] Listening on LVM2 poll daemon socket.
[   25.536373] systemd[1]: Reached target User and Group Name Lookups.
[[0;32m  OK  [0m] Reached target User and Group Name Lookups.
[   25.538276] systemd[1]: Listening on Journal Socket.
[[0;32m  OK  [0m] Listening on Journal Socket.
[   25.539898] systemd[1]: Reached target System Time Synchronized.
[[0;32m  OK  [0m] Reached target System Time Synchronized.
[   25.541660] systemd[1]: Listening on /dev/initctl Compatibility Named Pipe.
[[0;32m  OK  [0m] Listening on /dev/initctl Compatibility Named Pipe.
[   25.570205] systemd[1]: Reached target Swap.
[[0;32m  OK  [0m] Reached target Swap.
[   25.767514] systemd[1]: Created slice System Slice.
[[0;32m  OK  [0m] Created slice System Slice.
[   25.896632] systemd[1]: Mounting Debug File System...
         Mounting Debug File System...
[   26.144263] systemd[1]: Starting Monitoring of LVM2 mirrors, snapshots etc. using dmeventd or progress polling...
         Starting Monitoring of LVM2 mirrors... dmeventd or progress polling...
[   26.419421] systemd[1]: Created slice system-serial\x2dgetty.slice.
[[0;32m  OK  [0m] Created slice system-serial\x2dgetty.slice.
[   26.619894] systemd[1]: Starting Remount Root and Kernel File Systems...
         [   26.878108] EXT4-fs (sda1): re-mounted. Opts: (null)
Starting Remount Root and Kernel File Systems...
[   27.124306] systemd[1]: Mounting POSIX Message Queue File System...
         Mounting POSIX Message Queue File System...
[   27.399691] systemd[1]: Starting Nameserver information manager...
         Starting Nameserver information manager...
[   27.459809] systemd[1]: Starting Uncomplicated firewall...
         Starting Uncomplicated firewall...
[   27.471638] systemd[1]: Starting Load Kernel Modules...
         Starting Load Kernel Modules...
[   27.498819] systemd[1]: Set up automount Arbitrary Executable File Formats File System Automount Point.
[[0;32m  OK  [0[   27.516239] Loading iSCSI transport class v2.0-870.
m] Set up automount Arbitrary Executab...ats File System Automount Point.
[   27.546798] systemd[1]: Listening on udev Control Socket.
[[0;32m  OK  [0m] Listening on udev Control Socket.
[   27.550889] systemd[1]: Starting Set console keymap...
         Starting Set console keymap...
[   27.553003] systemd[1]: Created slice User and Session Slice.
[[0;32m  OK  [0m] Created slice User and Session Slice.
[   27.559459] systemd[1]: Listening on Syslog Socket.
[[0;32m  OK  [0[   27.599629] iscsi: registered transport (tcp)
m] Listening on Syslog Socket.
[   27.603021] systemd[1]: Starting Create list of required static device nodes for the current kernel...
         Starting Create list of required st... nodes for the current kernel...
[   27.605399] systemd[1]: Listening on Journal Audit Socket.
[[0;32m  OK  [0m] Listening on Journal Audit Socket.
[   27.629215] systemd[1]: Reached target Slices.
[[0;32m  OK  [0m] Reached target Slices.
[   27.631204] systemd[1]: Mounting Huge Pages File System...
         Mounting Huge Pages File System...
[   27.632786] systemd[1]: Started Forward Password Requests to Wall Directory Watch.
[[0;32m  OK  [0m] Started Forward Password Requests to Wall Directory Watch.
[   27.641527] systemd[1]: Listening on udev Kernel Socket.
[[0;32m  OK  [0m] Listening on udev Kernel Socket.
[   27.644224] systemd[1]: Listening on Journal Socket (/dev/log).
[[0;32m  OK  [0m] Listening on Journal Socket (/dev/log).
[   27.650079] systemd[1]: Starting Journal Service...
         Starting Journal Service...
[   27.655922] systemd[1]: Mounted Debug File System.
[[0;32m  OK  [0[   27.847125] iscsi: registered transport (iser)
m] Mounted Debug File System.
[   28.070394] systemd[1]: Mounted Huge Pages File System.
[[0;32m  OK  [0m] Mounted Huge Pages File System.
[   28.265129] systemd[1]: Mounted POSIX Message Queue File System.
[[0;32m  OK  [0m] Mounted POSIX Message Queue File System.
[   28.548107] systemd[1]: Started Journal Service.
[[0;32m  OK  [0m] Started Journal Service.
[[0;32m  OK  [0m] Started Remount Root and Kernel File Systems.
[[0;32m  OK  [0m] Started Uncomplicated firewall.
[[0;32m  OK  [0m] Started Load Kernel Modules.
[[0;32m  OK  [0m] Started Set console keymap.
[[0;32m  OK  [0m] Started Create list of required sta...ce nodes for the current kernel.
[[0;32m  OK  [0m] Started Nameserver information manager.
[[0;32m  OK  [0m] Started LVM2 metadata daemon.
         Starting Create Static Device Nodes in /dev...
         Starting Apply Kernel Variables...
         Mounting FUSE Control File System...
         Starting Load/Save Random Seed...
         Starting udev Coldplug all Devices...
         Starting Flush Journal to Persistent Storage...
[[0;32m  OK  [0m] Mounted FUSE Control File System.
[[0;32m  OK  [0m] Started Monitoring of LVM2 mirrors,...ng dmeventd or progress polling.
[[0;32m  OK  [0m] Started Create Static Device Nodes in /dev.
[[0;32m  OK  [0m] Started Apply Kernel Variables.
[[0;32m  OK  [0m] Started Load/Save Random Seed.
[[0;32m  OK  [0m] Started udev Coldplug all Devices.
         Starting udev Kernel Device Manager...
[[0;32m  OK  [0m] Started Flush Journal to Persistent Storage.
[[0;32m  OK  [0m] Started udev Kernel Device Manager.
[[0;32m  OK  [0m] Reached target Local File Systems (Pre).
[[0;32m  OK  [0m] Reached target Local File Systems.
         Starting Initial cloud-init job (pre-networking)...
         Starting LSB: AppArmor initialization...
         Starting Set console font and keymap...
         Starting Tell Plymouth To Write Out Runtime Data...
[[0;32m  OK  [0m] Started Dispatch Password Requests to Console Directory Watch.
         Starting Create Volatile Files and Directories...
[[0;32m  OK  [0m] Started Tell Plymouth To Write Out Runtime Data.
[[0;32m  OK  [0m] Started Set console font and keymap.
[[0;32m  OK  [0m] Started Create Volatile Files and Directories.
[[0;32m  OK  [0m] Started Initial cloud-init job (pre-networking).
[   25.012307] cloud-init[602]: Cloud-init v. 18.3-9-g2e62cb8a-0ubuntu1~16.04.2 running 'init-local' at Sun, 30 Dec 2018 20:34:19 +0000. Up 24.71 seconds.
[[0;32m  OK  [0m] Found device /dev/ttyS0.
[[0;32m  OK  [0m] Started LSB: AppArmor initialization.
[[0;32m  OK  [0m] Listening on Load/Save RF Kill Switch Status /dev/rfkill Watch.
[[0;32m  OK  [0m] Reached target Network (Pre).
[[0;32m  OK  [0m] Started ifup for enp0s3.
[[0;32m  OK  [0m] Started ifup for enp0s8.
         Starting Raise network interfaces...
         Starting Update UTMP about System Boot/Shutdown...
[[0;32m  OK  [0m] Created slice system-getty.slice.
[[0;32m  OK  [0m] Started Update UTMP about System Boot/Shutdown.
[[0;32m  OK  [0m] Started Raise network interfaces.
[[0;32m  OK  [0m] Reached target Network.
         Starting Initial cloud-init job (metadata service crawler)...
[   26.694159] cloud-init[1061]: Cloud-init v. 18.3-9-g2e62cb8a-0ubuntu1~16.04.2 running 'init' at Sun, 30 Dec 2018 20:34:21 +0000. Up 26.39 seconds.
[[0;32m  OK  [0m[   26.836918] cloud-init[1061]: ci-info: ++++++++++++++++++++++++++++++++++++++Net device info+++++++++++++++++++++++++++++++++++++++
[   26.837275] cloud-init[1061]: ci-info: +--------+------+-----------------------------+---------------+--------+-------------------+
[   26.837657] cloud-init[1061]: ci-info: | Device |  Up  |           Address           |      Mask     | Scope  |     Hw-Address    |
[   26.837994] cloud-init[1061]: ci-info: +--------+------+-----------------------------+---------------+--------+-------------------+
[   26.838297] cloud-init[1061]: ci-info: | enp0s3 | True |          10.0.2.15          | 255.255.255.0 | global | 02:d4:45:2a:49:3f |
[   26.838660] cloud-init[1061]: ci-info: | enp0s3 | True |  fe80::d4:45ff:fe2a:493f/64 |       .       |  link  | 02:d4:45:2a:49:3f |
[   26.838978] cloud-init[1061]: ci-info: | enp0s8 | True |        192.168.83.137       | 255.255.255.0 | global | 08:00:27:e8:53:7b |
[   26.839289] cloud-init[1061]: ci-info: | enp0s8 | True | fe80::a00:27ff:fee8:537b/64 |       .       |  link  | 08:00:27:e8:53:7b |
[   26.839666] cloud-init[1061]: ci-info: |   lo   | True |          127.0.0.1          |   255.0.0.0   |  host  |         .         |
[   26.839985] cloud-init[1061]: ci-info: |   lo   | True |           ::1/128           |       .       |  host  |         .         |
] Started Initial cloud-init job (metadata service crawler).
[   26.840479] cloud-init[1061]: ci-info: +--------+------+-----------------------------+---------------+--------+-------------------+
[   28.440923] cloud-init[1061]: ci-info: ++++++++++++++++++++++++++++Route IPv4 info++++++++++++++++++++++++++++
[[0;32m  OK  [0m[   28.560447] cloud-init[1061]: ci-info: +-------+--------------+----------+---------------+-----------+-------+
[   28.560533] cloud-init[1061]: ci-info: | Route | Destination  | Gateway  |    Genmask    | Interface | Flags |
[   28.560634] cloud-init[1061]: ci-info: +-------+--------------+----------+---------------+-----------+-------+
[   28.560718] cloud-init[1061]: ci-info: |   0   |   0.0.0.0    | 10.0.2.2 |    0.0.0.0    |   enp0s3  |   UG  |
[   28.560785] cloud-init[1061]: ci-info: |   1   |   10.0.2.0   | 0.0.0.0  | 255.255.255.0 |   enp0s3  |   U   |
[   28.560850] cloud-init[1061]: ci-info: |   2   | 192.168.83.0 | 0.0.0.0  | 255.255.255.0 |   enp0s8  |   U   |
[   28.560913] cloud-init[1061]: ci-info: +-------+--------------+----------+---------------+-----------+-------+
[   28.560976] cloud-init[1061]: ci-info: +++++++++++++++++++Route IPv6 info+++++++++++++++++++
[   28.561043] cloud-init[1061]: ci-info: +-------+-------------+---------+-----------+-------+
[   28.561185] cloud-init[1061]: ci-info: | Route | Destination | Gateway | Interface | Flags |
[   28.561265] cloud-init[1061]: ci-info: +-------+-------------+---------+-----------+-------+
[   28.561331] cloud-init[1061]: ci-info: |   0   |  fe80::/64  |    ::   |   enp0s8  |   U   |
[   28.561401] cloud-init[1061]: ci-info: |   1   |  fe80::/64  |    ::   |   enp0s3  |   U   |
[   28.561468] cloud-init[1061]: ci-info: |   4   |   ff00::/8  |    ::   |   enp0s8  |   U   |
[   28.561532] cloud-init[1061]: ci-info: |   5   |   ff00::/8  |    ::   |   enp0s3  |   U   |
[   28.561630] cloud-init[1061]: ci-info: +-------+-------------+---------+-----------+-------+
] Reached target System Initialization.
         Starting Socket activation for snappy daemon.
[[0;32m  OK  [0m] Started ACPI Events Check.
[[0;32m  OK  [0m] Reached target Paths.
[[0;32m  OK  [0m] Listening on UUID daemon activation socket.
[[0;32m  OK  [0m] Listening on D-Bus System Message Bus Socket.
[[0;32m  OK  [0m] Started Daily apt download activities.
         Starting LXD - unix socket.
[[0;32m  OK  [0m] Started Daily apt upgrade and clean activities.
[[0;32m  OK  [0m] Listening on ACPID Listen Socket.
[[0;32m  OK  [0m] Started Daily Cleanup of Temporary Directories.
[[0;32m  OK  [0m] Reached target Timers.
[[0;32m  OK  [0m] Reached target Cloud-config availability.
[[0;32m  OK  [0m] Reached target Network is Online.
         Starting iSCSI initiator daemon (iscsid)...
[[0;32m  OK  [0m] Listening on Socket activation for snappy daemon.
[[0;32m  OK  [0m] Listening on LXD - unix socket.
[[0;32m  OK  [0m] Started iSCSI initiator daemon (iscsid).
         Starting Login to default iSCSI targets...
[[0;32m  OK  [0m] Reached target Sockets.
[[0;32m  OK  [0m] Reached target Basic System.
         Starting Login Service...
[[0;32m  OK  [0m] Started Regular background program processing daemon.
[[0;32m  OK  [0m] Started Deferred execution scheduler.
         Starting Virtualbox guest utils...
         Starting OpenBSD Secure Shell server...
         Starting LSB: Record successful boot for GRUB...
         Starting LSB: MD monitoring daemon...
         Starting /etc/rc.local Compatibility...
[[0;32m  OK  [0m] Started D-Bus System Message Bus.
         Starting System Logging Service...
         Starting LXD - container startup/shutdown...
[[0;32m  OK  [0m] Started FUSE filesystem for LXC.
         Starting Accounts Service...
[[0;32m  OK  [0m] Started Unattended Upgrades Shutdown.
[[0;32m  OK  [0m] Started ACPI event daemon.
         Starting Snappy daemon...
[[0;32m  OK  [0m] Started OpenBSD Secure Shell server.
[[0;32m  OK  [0m] Started System Logging Service.
[[0;32m  OK  [0m] Started /etc/rc.local Compatibility.
[[0;32m  OK  [0m] Started Login to default iSCSI targets.
[[0;32m  OK  [0m] Started Virtualbox guest utils.
[[0;32m  OK  [0m] Started LXD - container startup/shutdown.
[[0;32m  OK  [0m] Started Snappy daemon.
[[0;32m  OK  [0m] Started LSB: Record successful boot for GRUB.
[[0;32m  OK  [0m] Started LSB: MD monitoring daemon.
[[0;32m  OK  [0m] Started Login Service.
         Starting Authenticate and Authorize Users to Run Privileged Tasks...
         Starting Wait until snapd is fully seeded...
[[0;32m  OK  [0m] Reached target Remote File Systems (Pre).
[[0;32m  OK  [0m] Reached target Remote File Systems.
         Starting LSB: automatic crash report generation...
         Starting LSB: Start and stop the mysql database server daemon...
         Starting LSB: Apache2 web server...
         Starting LSB: daemon to balance interrupts for SMP systems...
         Starting LSB: Set the CPU Frequency Scaling governor to "ondemand"...
         Starting Permit User Sessions...
[[0;32m  OK  [0m] Started Wait until snapd is fully seeded.
[[0;32m  OK  [0m] Started Permit User Sessions.
[[0;32m  OK  [0m] Started Authenticate and Authorize Users to Run Privileged Tasks.
[[0;32m  OK  [0m] Started Accounts Service.
[[0;32m  OK  [0m] Started LSB: automatic crash report generation.
[[0;32m  OK  [0m] Started LSB: daemon to balance interrupts for SMP systems.
[[0;32m  OK  [0m] Created slice User Slice of vagrant.
         Starting User Manager for UID 1000...
[[0;32m  OK  [0m] Started Session 1 of user vagrant.
         Starting Hold until boot process finishes up...
         Starting Terminate Plymouth Boot Screen...
         Starting Apply the settings specified in cloud-config...
[[0;32m  OK  [0m] Started User Manager for UID 1000.
[[0;32m  OK  [0m] Started LSB: Set the CPU Frequency Scaling governor to "ondemand".
[[0;32m  OK  [0m] Started Hold until boot process finishes up.
[[0;32m  OK  [0m] Started Terminate Plymouth Boot Screen.
         Starting Set console scheme...
[[0;32m  OK  [0m] Started Getty on tty1.
[[0;32m  OK  [0m] Started Serial Getty on ttyS0.
[[0;32m  OK  [0m] Reached target Login Prompts.
[[0;32m  OK  [0m] Started Set console scheme.
[   31.433240] cloud-init[1514]: Cloud-init v. 18.3-9-g2e62cb8a-0ubuntu1~16.04.2 running 'modules:config' at Sun, 30 Dec 2018 20:34:26 +0000. Up 31.28 seconds.
[[0;32m  OK  [0m] Started Apply the settings specified in cloud-config.
[[0;32m  OK  [0m] Started LSB: Start and stop the mysql database server daemon.
[[0;32m  OK  [0m] Started LSB: Apache2 web server.
[[0;32m  OK  [0m] Reached target Multi-User System.
         Starting Execute cloud user/final scripts...
[[0;32m  OK  [0m] Reached target Graphical Interface.
         Starting Update UTMP about System Runlevel Changes...
[[0;32m  OK  [0m] Started Update UTMP about System Runlevel Changes.
[   32.512243] cloud-init[1682]: Cloud-init v. 18.3-9-g2e62cb8a-0ubuntu1~16.04.2 running 'modules:final' at Sun, 30 Dec 2018 20:34:27 +0000. Up 32.36 seconds.
[   32.653555] cloud-init[1682]: Cloud-init v. 18.3-9-g2e62cb8a-0ubuntu1~16.04.2 finished at Sun, 30 Dec 2018 20:34:27 +0000. Datasource DataSourceNoCloud [seed=/dev/sdb][dsmode=net].  Up 32.50 seconds
[[0;32m  OK  [0m] Started Execute cloud user/final scripts.
[[0;32m  OK  [0m] Reached target Cloud-init target.
         Starting Daily apt download activities...

Ubuntu 16.04.5 LTS kouosl ttyS0

kouosl login: [[0;32m  OK  [0m] Started ACPI event daemon.
[[0;32m  OK  [0m] Started ACPI event daemon.
[[0;32m  OK  [0m] Started ACPI event daemon.
[  OK  ] Started ACPI event daemon.
[  OK  ] Started Trigger resolvconf update for networkd DNS.
[  OK  ] Started ACPI event daemon.
[  OK  ] Started ACPI event daemon.
[  OK  ] Started ACPI event daemon.
[  OK  ] Started ACPI event daemon.
[  OK  ] Started ACPI event daemon.
[  OK  ] Started ACPI event daemon.
         Stopping udev Kernel Device Manager...
[  OK  ] Stopped udev Kernel Device Manager.
         Starting udev Kernel Device Manager...
[  OK  ] Started udev Kernel Device Manager.
[  OK  ] Started ACPI event daemon.
[  OK  ] Started ACPI event daemon.
[  OK  ] Started ACPI event daemon.
         Stopping OpenBSD Secure Shell server...
[  OK  ] Stopped OpenBSD Secure Shell server.
         Starting OpenBSD Secure Shell server...
[  OK  ] Started OpenBSD Secure Shell server.
[  OK  ] Started Daily apt upgrade and clean activities.
